<?xml version="1.0" encoding="UTF-8"?>
<testng-results ignored="0" total="1" passed="1" failed="0" skipped="0">
  <reporter-output>
  </reporter-output>
  <suite started-at="2023-04-03T10:09:13 IST" name="Default suite" finished-at="2023-04-03T10:09:13 IST" duration-ms="39">
    <groups>
    </groups>
    <test started-at="2023-04-03T10:09:13 IST" name="Default test" finished-at="2023-04-03T10:09:13 IST" duration-ms="39">
      <class name="CommendLine.ParameterTest">
        <test-method signature="login()[pri:0, instance:CommendLine.ParameterTest@1b6e1eff]" started-at="2023-04-03T10:09:13 IST" name="login" finished-at="2023-04-03T10:09:13 IST" duration-ms="11" status="PASS">
          <reporter-output>
          </reporter-output>
        </test-method> <!-- login -->
      </class> <!-- CommendLine.ParameterTest -->
    </test> <!-- Default test -->
  </suite> <!-- Default suite -->
</testng-results>
