<?xml version="1.0" encoding="UTF-8"?>
<testng-results ignored="0" total="1" passed="1" failed="0" skipped="0">
  <reporter-output>
  </reporter-output>
  <suite started-at="2023-04-05T12:44:52 IST" name="Default suite" finished-at="2023-04-05T12:44:52 IST" duration-ms="40">
    <groups>
    </groups>
    <test started-at="2023-04-05T12:44:52 IST" name="Default test" finished-at="2023-04-05T12:44:52 IST" duration-ms="40">
      <class name="Sample.Example1">
        <test-method signature="sample1()[pri:0, instance:Sample.Example1@306f16f3]" started-at="2023-04-05T12:44:52 IST" name="sample1" finished-at="2023-04-05T12:44:52 IST" duration-ms="12" status="PASS">
          <reporter-output>
          </reporter-output>
        </test-method> <!-- sample1 -->
      </class> <!-- Sample.Example1 -->
    </test> <!-- Default test -->
  </suite> <!-- Default suite -->
</testng-results>
